<?xml version="1.0" encoding="UTF-8"?>
<testsuite xmlns:xsi="http://www.w3.org/2001/XMLSchema-instance" xsi:noNamespaceSchemaLocation="https://maven.apache.org/surefire/maven-surefire-plugin/xsd/surefire-test-report-3.0.xsd" version="3.0" name="examples.PetStore.PetStoreRunner" time="15.24" tests="1" errors="0" skipped="0" failures="1">
  <properties>
[...]
</properties>
  <testcase name="[1:4] Crear, consultar, actualizar y eliminar mascota" classname="examples/PetStore/full_flow_pet" time="11.605">
    <failure message="status code was: 405, expected: 200, response time in milliseconds: 723, url: https://petstore.swagger.io/v2/pet, response: &#10;&lt;?xml version=&quot;1.0&quot; encoding=&quot;UTF-8&quot; standalone=&quot;yes&quot;?&gt;&lt;apiResponse&gt;&lt;type&gt;unknown&lt;/type&gt;&lt;/apiResponse&gt;&#10;classpath:examples/PetStore/get_pet.feature:7&#10;classpath:examples/PetStore/full_flow_pet.feature:8" type="org.opentest4j.AssertionFailedError"><![CDATA[org.opentest4j.AssertionFailedError: 
status code was: 405, expected: 200, response time in milliseconds: 723, url: https://petstore.swagger.io/v2/pet, response: 
<?xml version="1.0" encoding="UTF-8" standalone="yes"?><apiResponse><type>unknown</type></apiResponse>
classpath:examples/PetStore/get_pet.feature:7
classpath:examples/PetStore/full_flow_pet.feature:8
	at com.intuit.karate.junit5.FeatureNode.lambda$next$1(FeatureNode.java:86)
	at java.base/java.util.stream.ForEachOps$ForEachOp$OfRef.accept(ForEachOps.java:186)
	at java.base/java.util.stream.ReferencePipeline$3$1.accept(ReferencePipeline.java:215)
	at java.base/java.util.stream.ReferencePipeline$2$1.accept(ReferencePipeline.java:197)
	at java.base/java.util.stream.ReferencePipeline$3$1.accept(ReferencePipeline.java:215)
	at java.base/java.util.Iterator.forEachRemaining(Iterator.java:133)
	at java.base/java.util.Spliterators$IteratorSpliterator.forEachRemaining(Spliterators.java:1939)
	at java.base/java.util.stream.AbstractPipeline.copyInto(AbstractPipeline.java:570)
	at java.base/java.util.stream.AbstractPipeline.wrapAndCopyInto(AbstractPipeline.java:560)
	at java.base/java.util.stream.ForEachOps$ForEachOp.evaluateSequential(ForEachOps.java:153)
	at java.base/java.util.stream.ForEachOps$ForEachOp$OfRef.evaluateSequential(ForEachOps.java:176)
	at java.base/java.util.stream.AbstractPipeline.evaluate(AbstractPipeline.java:265)
	at java.base/java.util.stream.ReferencePipeline.forEachOrdered(ReferencePipeline.java:641)
	at java.base/java.util.Optional.ifPresent(Optional.java:178)
	at java.base/java.util.ArrayList.forEach(ArrayList.java:1604)
	at java.base/java.util.ArrayList.forEach(ArrayList.java:1604)
]]></failure>
    <system-out><![CDATA[14:08:53.220 [main] DEBUG com.intuit.karate.Suite - [config] classpath:karate-config.js
14:08:57.642 [main] INFO  com.intuit.karate - karate.env system property was: null 
14:08:58.954 [main] DEBUG com.intuit.karate - request:
1 > POST https://petstore.swagger.io/v2/pet
1 > Content-Type: application/json; charset=UTF-8
1 > Content-Length: 139
1 > Host: petstore.swagger.io
1 > Connection: Keep-Alive
1 > User-Agent: Apache-HttpClient/4.5.14 (Java/24.0.1)
1 > Accept-Encoding: gzip,deflate
{"id":1212121,"category":{"id":0,"name":"Cat"},"name":"Nina","photoUrls":["string"],"tags":[{"id":0,"name":"string"}],"status":"available"}

14:09:00.613 [main] DEBUG com.intuit.karate - response time in milliseconds: 1648
1 < 200
1 < Date: Tue, 29 Apr 2025 18:08:57 GMT
1 < Content-Type: application/json
1 < Transfer-Encoding: chunked
1 < Connection: keep-alive
1 < Access-Control-Allow-Origin: *
1 < Access-Control-Allow-Methods: GET, POST, DELETE, PUT
1 < Access-Control-Allow-Headers: Content-Type, api_key, Authorization
1 < Server: Jetty(9.2.9.v20150224)
{"id":1212121,"category":{"id":0,"name":"Cat"},"name":"Nina","photoUrls":["string"],"tags":[{"id":0,"name":"string"}],"status":"available"}

14:09:00.832 [main] DEBUG com.intuit.karate - request:
1 > GET https://petstore.swagger.io/v2/pet
1 > Host: petstore.swagger.io
1 > Connection: Keep-Alive
1 > User-Agent: Apache-HttpClient/4.5.14 (Java/24.0.1)
1 > Accept-Encoding: gzip,deflate


14:09:01.559 [main] DEBUG com.intuit.karate - response time in milliseconds: 723
1 < 405
1 < Date: Tue, 29 Apr 2025 18:08:58 GMT
1 < Content-Type: application/xml
1 < Content-Length: 102
1 < Connection: keep-alive
1 < Access-Control-Allow-Origin: *
1 < Access-Control-Allow-Methods: GET, POST, DELETE, PUT
1 < Access-Control-Allow-Headers: Content-Type, api_key, Authorization
1 < Server: Jetty(9.2.9.v20150224)
<?xml version="1.0" encoding="UTF-8" standalone="yes"?><apiResponse><type>unknown</type></apiResponse>

14:09:01.610 [main] ERROR com.intuit.karate - classpath:examples/PetStore/get_pet.feature:7
Then status 200
status code was: 405, expected: 200, response time in milliseconds: 723, url: https://petstore.swagger.io/v2/pet, response: 
<?xml version="1.0" encoding="UTF-8" standalone="yes"?><apiResponse><type>unknown</type></apiResponse>
classpath:examples/PetStore/get_pet.feature:7
14:09:01.617 [main] ERROR com.intuit.karate - classpath:examples/PetStore/full_flow_pet.feature:8
* call read('get_pet.feature') { petId: '#(petId)' }
status code was: 405, expected: 200, response time in milliseconds: 723, url: https://petstore.swagger.io/v2/pet, response: 
<?xml version="1.0" encoding="UTF-8" standalone="yes"?><apiResponse><type>unknown</type></apiResponse>
classpath:examples/PetStore/get_pet.feature:7
classpath:examples/PetStore/full_flow_pet.feature:8
---------------------------------------------------------
feature: classpath:examples/PetStore/full_flow_pet.feature
scenarios:  1 | passed:  0 | failed:  1 | time: 3,8520
---------------------------------------------------------

Karate version: 1.5.0
======================================================
elapsed:  11,30 | threads:    1 | thread time: 3,85 
features:     1 | skipped:    0 | efficiency: 0,34
scenarios:    1 | passed:     0 | failed: 1
======================================================
>>> failed features:
status code was: 405, expected: 200, response time in milliseconds: 723, url: https://petstore.swagger.io/v2/pet, response: 
<?xml version="1.0" encoding="UTF-8" standalone="yes"?><apiResponse><type>unknown</type></apiResponse>
classpath:examples/PetStore/get_pet.feature:7
classpath:examples/PetStore/full_flow_pet.feature:8
<<<

HTML report: (paste into browser to view) | Karate version: 1.5.0
file:///C:/Users/dikyd/Documents/karate/KarateProj/target/karate-reports/karate-summary.html
===================================================================

]]></system-out>
  </testcase>
</testsuite>